
> kidsactivitytracker-backend@1.0.0 start
> node server.js

✅ NVRC Real Data scraper loaded successfully - NO SAMPLE DATA!
Kids Activity Tracker API running on http://localhost:3000

Available endpoints:
- POST /api/scrape/nvrc (main endpoint - uses interactive scraper)
- GET /api/scrape/nvrc-interactive (test interactive scraper directly)
- POST /api/activities/search
- GET /api/activities/:id
- POST /api/register
- POST /api/refresh

✅ Server is ready to receive requests!
📝 Note: First scrape may take 30-60 seconds to load all results
/Users/mike/Development/KidsActivityTracker/backend/server.js:101
  if (!nvrcInteractiveScraper) {
  ^

ReferenceError: nvrcInteractiveScraper is not defined
    at /Users/mike/Development/KidsActivityTracker/backend/server.js:101:3
    at Layer.handle [as handle_request] (/Users/mike/Development/KidsActivityTracker/backend/node_modules/express/lib/router/layer.js:95:5)
    at next (/Users/mike/Development/KidsActivityTracker/backend/node_modules/express/lib/router/route.js:149:13)
    at Route.dispatch (/Users/mike/Development/KidsActivityTracker/backend/node_modules/express/lib/router/route.js:119:3)
    at Layer.handle [as handle_request] (/Users/mike/Development/KidsActivityTracker/backend/node_modules/express/lib/router/layer.js:95:5)
    at /Users/mike/Development/KidsActivityTracker/backend/node_modules/express/lib/router/index.js:284:15
    at Function.process_params (/Users/mike/Development/KidsActivityTracker/backend/node_modules/express/lib/router/index.js:346:12)
    at next (/Users/mike/Development/KidsActivityTracker/backend/node_modules/express/lib/router/index.js:280:10)
    at jsonParser (/Users/mike/Development/KidsActivityTracker/backend/node_modules/body-parser/lib/types/json.js:113:7)
    at Layer.handle [as handle_request] (/Users/mike/Development/KidsActivityTracker/backend/node_modules/express/lib/router/layer.js:95:5)

Node.js v23.11.0
