✅ NVRC Working Hierarchical scraper loaded successfully - Gets ALL 700+ activities!
Kids Activity Tracker API running on http://localhost:3000

Available endpoints:
- POST /api/scrape/nvrc (main endpoint - uses interactive scraper)
- GET /api/scrape/nvrc-interactive (test interactive scraper directly)
- POST /api/activities/search
- GET /api/activities/:id
- POST /api/register
- POST /api/refresh

✅ Server is ready to receive requests!
📝 Note: First scrape may take 30-60 seconds to load all results
🔍 Checking for cached data...
🚀 Using NVRC Working Hierarchical scraper - Gets ALL 700+ activities!
🚀 Starting NVRC Working Hierarchical Scraper...

📍 Navigating to NVRC find program page...
PAGE LOG: Failed to load resource: the server responded with a status of 404 ()
PAGE LOG: The keyword 'push-button' used on the 'appearance' property was deprecated and has now been removed. It will no longer have any effect.

📋 STEP 1: Selecting kids age groups...
  ✓ Selected: 0 - 6 years, Parent Participation
  ✓ Selected: 0 - 6 years, On My Own
  ✓ Selected: 5 - 13 years, School Age
  ✓ Selected: 10 - 18 years, Youth

⏳ Waiting for Step 2 program activities to appear...
PAGE LOG: Found 13 activity checkboxes
  ✅ Step 2 activities loaded!

🎯 STEP 2: Selecting ALL program activities...
PAGE LOG: Selected activity: Spin
PAGE LOG: Selected activity: Strength & Cardio
PAGE LOG: Selected activity: Yoga
PAGE LOG: Selected activity: Aquatic Leadership
PAGE LOG: Selected activity: Camps
PAGE LOG: Selected activity: Certifications and Leadership
PAGE LOG: Selected activity: Learn and Play
PAGE LOG: Selected activity: Martial Arts
PAGE LOG: Selected activity: Swimming
PAGE LOG: Selected activity: Racquet Sports
PAGE LOG: Selected activity: Team Sports
PAGE LOG: Selected activity: Dance
PAGE LOG: Selected activity: Visual Arts
  ✅ Found 13 activity checkboxes
  ✅ Selected 13 new activities
  Activities: Spin, Strength & Cardio, Yoga, Aquatic Leadership, Camps, Certifications and Leadership, Learn and Play, Martial Arts, Swimming, Racquet Sports, Team Sports, Dance, Visual Arts

⏳ Waiting for Step 3 locations to appear...
PAGE LOG: Found "Select all locations" option!
  ✅ Step 3 locations loaded!

📍 STEP 3: Selecting "Select all locations available"...
  ✅ Selected all locations: true

🔍 Looking for "Show Results" button...
  Button state: {
  found: true,
  text: 'Show Results',
  disabled: false,
  className: 'button js-form-submit form-submit',
  tag: 'INPUT'
}
PAGE LOG: Clicking Show Results button
  ✅ Clicked Show Results button

⏳ Waiting for results to load...
PAGE LOG: Failed to load resource: the server responded with a status of 404 ()

📍 Current URL: https://www.nvrc.ca/programs-memberships/find-program/results?programs=Early%20Years%3A%20On%20My%20Own%2FEarly%20Years%3A%20Parent%20Participation%2FSchool%20Age%2FYouth&activities=fitness_spin%2Ffitness_strength_cardio%2Ffitness_yoga%2Factivities_aquatic_leadership%2Factivities_camps%2Factivities_certifications_and_leadership%2Factivities_learn_and_play%2Factivities_martial_arts%2Factivities_swimming%2Fsports_racquet_sports%2Fsports_team_sports%2Farts_culture_dance%2Farts_culture_visual_arts&locations=0ca97f73-c2d6-45b9-b9a3-8d3346945ca8%2F5500906d-d5ea-422b-a21b-71fadc7c05ad%2Fad9f1d30-91c6-4779-a5fd-e0109e69a8d6%2Fe153c19a-14a3-4b81-a121-13f1ec7405fc%2Fdc8b1026-3fc7-4d2d-bd1a-917134362de9%2Fffbf31ae-84f3-495b-83d1-1a7f573db3c8%2F8e7483a5-b29f-4d07-9f46-a8ca770a8cd6%2F1b275d54-b65d-4169-94cd-847d1644ccc7%2F143ff434-0589-4785-9f34-334cfc713c2b%2F9c388e73-ed3c-4f82-85bd-cc6cf0fb0a68%2Ff67610ba-64ff-4176-9f59-81b27a23cbab%2F36b507b6-c584-4b7e-99c8-0eb5f3869f4d%2F346dc9e5-e7a4-4bf1-805f-a7d191295dcc%2F72be6805-1624-446d-9597-b70401b78293%2Fca06eca9-4cc5-4d1e-82fd-24c0610569d1%2Fe5aebf2f-6163-43d8-b780-a90379b62026
📸 Results page screenshot saved
Page info: {
  hasIframes: 5,
  url: 'https://www.nvrc.ca/programs-memberships/find-program/results?programs=Early%20Years%3A%20On%20My%20Own%2FEarly%20Years%3A%20Parent%20Participation%2FSchool%20Age%2FYouth&activities=fitness_spin%2Ffitness_strength_cardio%2Ffitness_yoga%2Factivities_aquatic_leadership%2Factivities_camps%2Factivities_certifications_and_leadership%2Factivities_learn_and_play%2Factivities_martial_arts%2Factivities_swimming%2Fsports_racquet_sports%2Fsports_team_sports%2Farts_culture_dance%2Farts_culture_visual_arts&locations=0ca97f73-c2d6-45b9-b9a3-8d3346945ca8%2F5500906d-d5ea-422b-a21b-71fadc7c05ad%2Fad9f1d30-91c6-4779-a5fd-e0109e69a8d6%2Fe153c19a-14a3-4b81-a121-13f1ec7405fc%2Fdc8b1026-3fc7-4d2d-bd1a-917134362de9%2Fffbf31ae-84f3-495b-83d1-1a7f573db3c8%2F8e7483a5-b29f-4d07-9f46-a8ca770a8cd6%2F1b275d54-b65d-4169-94cd-847d1644ccc7%2F143ff434-0589-4785-9f34-334cfc713c2b%2F9c388e73-ed3c-4f82-85bd-cc6cf0fb0a68%2Ff67610ba-64ff-4176-9f59-81b27a23cbab%2F36b507b6-c584-4b7e-99c8-0eb5f3869f4d%2F346dc9e5-e7a4-4bf1-805f-a7d191295dcc%2F72be6805-1624-446d-9597-b70401b78293%2Fca06eca9-4cc5-4d1e-82fd-24c0610569d1%2Fe5aebf2f-6163-43d8-b780-a90379b62026'
}

🔍 Extracting activities from results page...
PAGE LOG: Found 13 activity categories
PAGE LOG: Processing category: Aquatic Leadership
PAGE LOG:   Found 4 services in Aquatic Leadership
PAGE LOG:     Processing service: Bronze Cross
PAGE LOG:       Found 3 events in Bronze Cross
PAGE LOG:     Processing service: Bronze Medallion
PAGE LOG:       Found 2 events in Bronze Medallion
PAGE LOG:     Processing service: Bronze Medallion/ Cross Combo
PAGE LOG:       Found 1 events in Bronze Medallion/ Cross Combo
PAGE LOG:     Processing service: Bronze Star
PAGE LOG:       Found 1 events in Bronze Star
PAGE LOG: Processing category: Camps
PAGE LOG:   Found 39 services in Camps
PAGE LOG:     Processing service: Camp Art & Games Early Years
PAGE LOG:       Found 2 events in Camp Art & Games Early Years
PAGE LOG:     Processing service: Camp Art & Swim School Age
PAGE LOG:       Found 2 events in Camp Art & Swim School Age
PAGE LOG:     Processing service: Camp Art Dance School Age
PAGE LOG:       Found 1 events in Camp Art Dance School Age
PAGE LOG:     Processing service: Camp Art Drama School Age
PAGE LOG:       Found 2 events in Camp Art Drama School Age
PAGE LOG:     Processing service: Camp Art Musical Theatre School Age
PAGE LOG:       Found 3 events in Camp Art Musical Theatre School Age
PAGE LOG:     Processing service: Camp Art Pottery & Swim School Age
PAGE LOG:       Found 3 events in Camp Art Pottery & Swim School Age
PAGE LOG:     Processing service: Camp Art Pottery School Age
PAGE LOG:       Found 2 events in Camp Art Pottery School Age
PAGE LOG:     Processing service: Camp Art Visual & Cooking Combo School Age
PAGE LOG:       Found 2 events in Camp Art Visual & Cooking Combo School Age
PAGE LOG:     Processing service: Camp Art Visual School Age
PAGE LOG:       Found 24 events in Camp Art Visual School Age
PAGE LOG:     Processing service: Camp Art Visual Youth
PAGE LOG:       Found 1 events in Camp Art Visual Youth
PAGE LOG:     Processing service: Camp Babysitter Training 11-15yrs
PAGE LOG:       Found 5 events in Camp Babysitter Training 11-15yrs
PAGE LOG:     Processing service: Camp Byte School Age
PAGE LOG:       Found 5 events in Camp Byte School Age
PAGE LOG:     Processing service: Camp Clay & Cook School Age
PAGE LOG:       Found 4 events in Camp Clay & Cook School Age
PAGE LOG:     Processing service: Camp Cook & Swim School Age
PAGE LOG:       Found 4 events in Camp Cook & Swim School Age
PAGE LOG:     Processing service: Camp Cooking School Age
PAGE LOG:       Found 2 events in Camp Cooking School Age
PAGE LOG:     Processing service: Camp Delbrook 5-6yrs
PAGE LOG:       Found 6 events in Camp Delbrook 5-6yrs
PAGE LOG:     Processing service: Camp Delbrook 6-9yrs
PAGE LOG:       Found 5 events in Camp Delbrook 6-9yrs
PAGE LOG:     Processing service: Camp Harry Jerome 6-9yrs
PAGE LOG:       Found 6 events in Camp Harry Jerome 6-9yrs
PAGE LOG:     Processing service: Camp Harry Jerome 9-12yrs
PAGE LOG:       Found 6 events in Camp Harry Jerome 9-12yrs
PAGE LOG:     Processing service: Camp Harry Jerome Daytrippers 12-15yrs
PAGE LOG:       Found 4 events in Camp Harry Jerome Daytrippers 12-15yrs
PAGE LOG:     Processing service: Camp John Braithwaite 6-10yrs
PAGE LOG:       Found 5 events in Camp John Braithwaite 6-10yrs
PAGE LOG:     Processing service: Camp Karen Magnussen 6-12yrs
PAGE LOG:       Found 1 events in Camp Karen Magnussen 6-12yrs
PAGE LOG:     Processing service: Camp Karen Magnussen 6-9yrs
PAGE LOG:       Found 5 events in Camp Karen Magnussen 6-9yrs
PAGE LOG:     Processing service: Camp Karen Magnussen Outdoor 9-12yrs
PAGE LOG:       Found 5 events in Camp Karen Magnussen Outdoor 9-12yrs
PAGE LOG:     Processing service: Camp Lions Gate 6-10yrs
PAGE LOG:       Found 5 events in Camp Lions Gate 6-10yrs
PAGE LOG:     Processing service: Camp Little Campers Early Years
PAGE LOG:       Found 16 events in Camp Little Campers Early Years
PAGE LOG:     Processing service: Camp Loutet Park Outdoor 9-12yrs
PAGE LOG:       Found 3 events in Camp Loutet Park Outdoor 9-12yrs
PAGE LOG:     Processing service: Camp Lynn Creek 6-9yrs
PAGE LOG:       Found 6 events in Camp Lynn Creek 6-9yrs
PAGE LOG:     Processing service: Camp Lynn Creek Daytrippers 12-15yrs
PAGE LOG:       Found 4 events in Camp Lynn Creek Daytrippers 12-15yrs
PAGE LOG:     Processing service: Camp Lynn Creek Outdoors 8-12yrs
PAGE LOG:       Found 6 events in Camp Lynn Creek Outdoors 8-12yrs
PAGE LOG:     Processing service: Camp Lynn Valley 5-6yrs
PAGE LOG:       Found 4 events in Camp Lynn Valley 5-6yrs
PAGE LOG:     Processing service: Camp Myrtle Park Outdoor 6-10yrs
PAGE LOG:       Found 5 events in Camp Myrtle Park Outdoor 6-10yrs
PAGE LOG:     Processing service: Camp Princess Park Outdoor 9-12yrs
PAGE LOG:       Found 5 events in Camp Princess Park Outdoor 9-12yrs
PAGE LOG:     Processing service: Camp Ron Andrews 5-6yrs
PAGE LOG:       Found 4 events in Camp Ron Andrews 5-6yrs
PAGE LOG:     Processing service: Camp Science School Age
PAGE LOG:       Found 7 events in Camp Science School Age
PAGE LOG:     Processing service: Camp Sport & Climb School Age
PAGE LOG:       Found 1 events in Camp Sport & Climb School Age
PAGE LOG:     Processing service: Camp Sport Early Years
PAGE LOG:       Found 10 events in Camp Sport Early Years
PAGE LOG:     Processing service: Camp Sport School Age
PAGE LOG:       Found 36 events in Camp Sport School Age
PAGE LOG:     Processing service: Camp Youth
PAGE LOG:       Found 3 events in Camp Youth
PAGE LOG: Processing category: Certifications and Leadership
PAGE LOG:   Found 2 services in Certifications and Leadership
PAGE LOG:     Processing service: Babysitter Training 11-15yrs
PAGE LOG:       Found 2 events in Babysitter Training 11-15yrs
PAGE LOG:     Processing service: Home Alone 10yrs+
PAGE LOG:       Found 4 events in Home Alone 10yrs+
PAGE LOG: Processing category: Dance
PAGE LOG:   Found 3 services in Dance
PAGE LOG:     Processing service: Dance Early Years
PAGE LOG:       Found 3 events in Dance Early Years
PAGE LOG:     Processing service: Dance Parent Participation
PAGE LOG:       Found 1 events in Dance Parent Participation
PAGE LOG:     Processing service: Dance School Age
PAGE LOG:       Found 1 events in Dance School Age
PAGE LOG: Processing category: Learn and Play
PAGE LOG:   Found 3 services in Learn and Play
PAGE LOG:     Processing service: Delbrook Licensed Preschool
PAGE LOG:       Found 4 events in Delbrook Licensed Preschool
PAGE LOG:     Processing service: Lonsdale Licensed Preschool
PAGE LOG:       Found 4 events in Lonsdale Licensed Preschool
PAGE LOG:     Processing service: Sandpiper Licensed Preschool
PAGE LOG:       Found 4 events in Sandpiper Licensed Preschool
PAGE LOG: Processing category: Martial Arts
PAGE LOG:   Found 6 services in Martial Arts
PAGE LOG:     Processing service: Ground & Stand-up Martial Arts Techniques: All Levels 13yrs+
PAGE LOG:       Found 2 events in Ground & Stand-up Martial Arts Techniques: All Levels 13yrs+
PAGE LOG:     Processing service: Karate Early Years
PAGE LOG:       Found 7 events in Karate Early Years
PAGE LOG:     Processing service: Karate School Age
PAGE LOG:       Found 11 events in Karate School Age
PAGE LOG:     Processing service: Taekwondo Early Years Parent Participation
PAGE LOG:       Found 1 events in Taekwondo Early Years Parent Participation
PAGE LOG:     Processing service: Taekwondo School Age
PAGE LOG:       Found 1 events in Taekwondo School Age
PAGE LOG:     Processing service: Taekwondo Youth
PAGE LOG:       Found 1 events in Taekwondo Youth
PAGE LOG: Processing category: Racquet Sports
PAGE LOG:   Found 12 services in Racquet Sports
PAGE LOG:     Processing service: Badminton School Age
PAGE LOG:       Found 1 events in Badminton School Age
PAGE LOG:     Processing service: Badminton Youth
PAGE LOG:       Found 1 events in Badminton Youth
PAGE LOG:     Processing service: Tennis Competitive 1 (10-18yrs)
PAGE LOG:       Found 6 events in Tennis Competitive 1 (10-18yrs)
PAGE LOG:     Processing service: Tennis Competitive 2 (10-18yrs)
PAGE LOG:       Found 6 events in Tennis Competitive 2 (10-18yrs)
PAGE LOG:     Processing service: Tennis Competitive 3 (10-18yrs)
PAGE LOG:       Found 1 events in Tennis Competitive 3 (10-18yrs)
PAGE LOG:     Processing service: Tennis Competitive 4 (10-18yrs)
PAGE LOG:       Found 3 events in Tennis Competitive 4 (10-18yrs)
PAGE LOG:     Processing service: Tennis National Tournament Team 12-16yrs
PAGE LOG:       Found 13 events in Tennis National Tournament Team 12-16yrs
PAGE LOG:     Processing service: Tennis Play-it School Age
PAGE LOG:       Found 18 events in Tennis Play-it School Age
PAGE LOG:     Processing service: Tennis Play-it Teen
PAGE LOG:       Found 6 events in Tennis Play-it Teen
PAGE LOG:     Processing service: Tennis Tournament Summer Programs
PAGE LOG:       Found 4 events in Tennis Tournament Summer Programs
PAGE LOG:     Processing service: Tennis Try-it School Age
PAGE LOG:       Found 18 events in Tennis Try-it School Age
PAGE LOG:     Processing service: Tennis Try-it Teen
PAGE LOG:       Found 6 events in Tennis Try-it Teen
PAGE LOG: Processing category: Spin
PAGE LOG:   Found 1 services in Spin
PAGE LOG:     Processing service: Fitness Spin Training Youth
PAGE LOG:       Found 3 events in Fitness Spin Training Youth
PAGE LOG: Processing category: Strength & Cardio
PAGE LOG:   Found 1 services in Strength & Cardio
PAGE LOG:     Processing service: Fitness Small Group Training Youth
PAGE LOG:       Found 2 events in Fitness Small Group Training Youth
PAGE LOG: Processing category: Swimming
PAGE LOG:   Found 25 services in Swimming
PAGE LOG:     Processing service: Swim Adapted Lessons 3-12yrs
PAGE LOG:       Found 19 events in Swim Adapted Lessons 3-12yrs
PAGE LOG:     Processing service: Swim Adapted Lessons Parent Participation 3-6yrs
PAGE LOG:       Found 3 events in Swim Adapted Lessons Parent Participation 3-6yrs
PAGE LOG:     Processing service: Swim Advanced 11-17yrs
PAGE LOG:       Found 1 events in Swim Advanced 11-17yrs
PAGE LOG:     Processing service: Swim Beginner 10-17yrs
PAGE LOG:       Found 7 events in Swim Beginner 10-17yrs
PAGE LOG:     Processing service: Swim Intermediate 11-17yrs
PAGE LOG:       Found 2 events in Swim Intermediate 11-17yrs
PAGE LOG:     Processing service: Swim Junior Masters 1 (11-17yrs)
PAGE LOG:       Found 6 events in Swim Junior Masters 1 (11-17yrs)
PAGE LOG:     Processing service: Swim Junior Masters 2 (11-17yrs)
PAGE LOG:       Found 4 events in Swim Junior Masters 2 (11-17yrs)
PAGE LOG:     Processing service: Swim Parent Participation 1 Guppies 6-18mos
PAGE LOG:       Found 3 events in Swim Parent Participation 1 Guppies 6-18mos
PAGE LOG:     Processing service: Swim Parent Participation 2 Clownfish 18mos-3yrs
PAGE LOG:       Found 3 events in Swim Parent Participation 2 Clownfish 18mos-3yrs
PAGE LOG:     Processing service: Swim Parent Participation Sea Otters 2-4yrs
PAGE LOG:       Found 9 events in Swim Parent Participation Sea Otters 2-4yrs
PAGE LOG:     Processing service: Swim Tiny Tots 1 Tadpoles 3-6yrs
PAGE LOG:       Found 29 events in Swim Tiny Tots 1 Tadpoles 3-6yrs
PAGE LOG:     Processing service: Swim Tiny Tots 2 Jellyfish 3-6yrs
PAGE LOG:       Found 40 events in Swim Tiny Tots 2 Jellyfish 3-6yrs
PAGE LOG:     Processing service: Swim Tiny Tots 3 Seahorses 3-6yrs
PAGE LOG:       Found 24 events in Swim Tiny Tots 3 Seahorses 3-6yrs
PAGE LOG:     Processing service: Swim Tiny Tots 4 Seals 3-6yrs
PAGE LOG:       Found 25 events in Swim Tiny Tots 4 Seals 3-6yrs
PAGE LOG:     Processing service: Swim Tiny Tots 5 Sting Rays 3-6yrs
PAGE LOG:       Found 9 events in Swim Tiny Tots 5 Sting Rays 3-6yrs
PAGE LOG:     Processing service: Swim Tiny Tots 6 Orcas 3-6yrs
PAGE LOG:       Found 4 events in Swim Tiny Tots 6 Orcas 3-6yrs
PAGE LOG:     Processing service: Swimmer 1 (6-12yrs)
PAGE LOG:       Found 20 events in Swimmer 1 (6-12yrs)
PAGE LOG:     Processing service: Swimmer 2 (6-12yrs)
PAGE LOG:       Found 21 events in Swimmer 2 (6-12yrs)
PAGE LOG:     Processing service: Swimmer 3 (6-12yrs)
PAGE LOG:       Found 22 events in Swimmer 3 (6-12yrs)
PAGE LOG:     Processing service: Swimmer 4 (6-12yrs)
PAGE LOG:       Found 24 events in Swimmer 4 (6-12yrs)
PAGE LOG:     Processing service: Swimmer 5 (6-12yrs)
PAGE LOG:       Found 18 events in Swimmer 5 (6-12yrs)
PAGE LOG:     Processing service: Swimmer 6 (6-12yrs)
PAGE LOG:       Found 16 events in Swimmer 6 (6-12yrs)
PAGE LOG:     Processing service: Swimmer 7 - Rookie Patrol (8-12yrs)
PAGE LOG:       Found 9 events in Swimmer 7 - Rookie Patrol (8-12yrs)
PAGE LOG:     Processing service: Swimmer 8 - Ranger Patrol (8-12yrs)
PAGE LOG:       Found 7 events in Swimmer 8 - Ranger Patrol (8-12yrs)
PAGE LOG:     Processing service: Swimmer 9 - Star Patrol (8-12yrs)
PAGE LOG:       Found 6 events in Swimmer 9 - Star Patrol (8-12yrs)
PAGE LOG: Processing category: Team Sports
PAGE LOG:   Found 4 services in Team Sports
PAGE LOG:     Processing service: Basketball School Age
PAGE LOG:       Found 1 events in Basketball School Age
PAGE LOG:     Processing service: Basketball Youth
PAGE LOG:       Found 1 events in Basketball Youth
PAGE LOG:     Processing service: Volleyball School Age
PAGE LOG:       Found 3 events in Volleyball School Age
PAGE LOG:     Processing service: Volleyball Youth
PAGE LOG:       Found 3 events in Volleyball Youth
PAGE LOG: Processing category: Visual Arts
PAGE LOG:   Found 2 services in Visual Arts
PAGE LOG:     Processing service: Mixed Media Early Years
PAGE LOG:       Found 1 events in Mixed Media Early Years
PAGE LOG:     Processing service: Mixed Media School Age
PAGE LOG:       Found 1 events in Mixed Media School Age
PAGE LOG: Processing category: Yoga
PAGE LOG:   Found 1 services in Yoga
PAGE LOG:     Processing service: Yoga Youth
PAGE LOG:       Found 1 events in Yoga Youth
PAGE LOG: Total activities extracted: 703

✅ Successfully extracted 703 activities
💾 Results saved to nvrc_working_hierarchical_2025-07-24T21-24-13-644Z.json
✅ Got 703 REAL activities from NVRC
💾 Saved 703 camps to file
Returning cached activities data
🔍 Checking for cached data...
🚀 Using NVRC Working Hierarchical scraper - Gets ALL 700+ activities!
🚀 Starting NVRC Working Hierarchical Scraper...

📍 Navigating to NVRC find program page...
PAGE LOG: Failed to load resource: the server responded with a status of 404 ()
PAGE LOG: The keyword 'push-button' used on the 'appearance' property was deprecated and has now been removed. It will no longer have any effect.

📋 STEP 1: Selecting kids age groups...
  ✓ Selected: 0 - 6 years, Parent Participation
  ✓ Selected: 0 - 6 years, On My Own
  ✓ Selected: 5 - 13 years, School Age
  ✓ Selected: 10 - 18 years, Youth

⏳ Waiting for Step 2 program activities to appear...
PAGE LOG: Found 0 activity checkboxes
PAGE LOG: Found 13 activity checkboxes
  ✅ Step 2 activities loaded!

🎯 STEP 2: Selecting ALL program activities...
PAGE LOG: Selected activity: Spin
PAGE LOG: Selected activity: Strength & Cardio
PAGE LOG: Selected activity: Yoga
PAGE LOG: Selected activity: Aquatic Leadership
PAGE LOG: Selected activity: Camps
PAGE LOG: Selected activity: Certifications and Leadership
PAGE LOG: Selected activity: Learn and Play
PAGE LOG: Selected activity: Martial Arts
PAGE LOG: Selected activity: Swimming
PAGE LOG: Selected activity: Racquet Sports
PAGE LOG: Selected activity: Team Sports
PAGE LOG: Selected activity: Dance
PAGE LOG: Selected activity: Visual Arts
  ✅ Found 13 activity checkboxes
  ✅ Selected 13 new activities
  Activities: Spin, Strength & Cardio, Yoga, Aquatic Leadership, Camps, Certifications and Leadership, Learn and Play, Martial Arts, Swimming, Racquet Sports, Team Sports, Dance, Visual Arts

⏳ Waiting for Step 3 locations to appear...
PAGE LOG: Found "Select all locations" option!
  ✅ Step 3 locations loaded!

📍 STEP 3: Selecting "Select all locations available"...
  ✅ Selected all locations: true

🔍 Looking for "Show Results" button...
  Button state: {
  found: true,
  text: 'Show Results',
  disabled: false,
  className: 'button js-form-submit form-submit',
  tag: 'INPUT'
}
PAGE LOG: Clicking Show Results button
  ✅ Clicked Show Results button

⏳ Waiting for results to load...
PAGE LOG: Failed to load resource: the server responded with a status of 404 ()

📍 Current URL: https://www.nvrc.ca/programs-memberships/find-program/results?programs=Early%20Years%3A%20On%20My%20Own%2FEarly%20Years%3A%20Parent%20Participation%2FSchool%20Age%2FYouth&activities=fitness_spin%2Ffitness_strength_cardio%2Ffitness_yoga%2Factivities_aquatic_leadership%2Factivities_camps%2Factivities_certifications_and_leadership%2Factivities_learn_and_play%2Factivities_martial_arts%2Factivities_swimming%2Fsports_racquet_sports%2Fsports_team_sports%2Farts_culture_dance%2Farts_culture_visual_arts&locations=0ca97f73-c2d6-45b9-b9a3-8d3346945ca8%2F5500906d-d5ea-422b-a21b-71fadc7c05ad%2Fad9f1d30-91c6-4779-a5fd-e0109e69a8d6%2Fe153c19a-14a3-4b81-a121-13f1ec7405fc%2Fdc8b1026-3fc7-4d2d-bd1a-917134362de9%2Fffbf31ae-84f3-495b-83d1-1a7f573db3c8%2F8e7483a5-b29f-4d07-9f46-a8ca770a8cd6%2F1b275d54-b65d-4169-94cd-847d1644ccc7%2F143ff434-0589-4785-9f34-334cfc713c2b%2F9c388e73-ed3c-4f82-85bd-cc6cf0fb0a68%2Ff67610ba-64ff-4176-9f59-81b27a23cbab%2F36b507b6-c584-4b7e-99c8-0eb5f3869f4d%2F346dc9e5-e7a4-4bf1-805f-a7d191295dcc%2F72be6805-1624-446d-9597-b70401b78293%2Fca06eca9-4cc5-4d1e-82fd-24c0610569d1%2Fe5aebf2f-6163-43d8-b780-a90379b62026
📸 Results page screenshot saved
Page info: {
  hasIframes: 4,
  url: 'https://www.nvrc.ca/programs-memberships/find-program/results?programs=Early%20Years%3A%20On%20My%20Own%2FEarly%20Years%3A%20Parent%20Participation%2FSchool%20Age%2FYouth&activities=fitness_spin%2Ffitness_strength_cardio%2Ffitness_yoga%2Factivities_aquatic_leadership%2Factivities_camps%2Factivities_certifications_and_leadership%2Factivities_learn_and_play%2Factivities_martial_arts%2Factivities_swimming%2Fsports_racquet_sports%2Fsports_team_sports%2Farts_culture_dance%2Farts_culture_visual_arts&locations=0ca97f73-c2d6-45b9-b9a3-8d3346945ca8%2F5500906d-d5ea-422b-a21b-71fadc7c05ad%2Fad9f1d30-91c6-4779-a5fd-e0109e69a8d6%2Fe153c19a-14a3-4b81-a121-13f1ec7405fc%2Fdc8b1026-3fc7-4d2d-bd1a-917134362de9%2Fffbf31ae-84f3-495b-83d1-1a7f573db3c8%2F8e7483a5-b29f-4d07-9f46-a8ca770a8cd6%2F1b275d54-b65d-4169-94cd-847d1644ccc7%2F143ff434-0589-4785-9f34-334cfc713c2b%2F9c388e73-ed3c-4f82-85bd-cc6cf0fb0a68%2Ff67610ba-64ff-4176-9f59-81b27a23cbab%2F36b507b6-c584-4b7e-99c8-0eb5f3869f4d%2F346dc9e5-e7a4-4bf1-805f-a7d191295dcc%2F72be6805-1624-446d-9597-b70401b78293%2Fca06eca9-4cc5-4d1e-82fd-24c0610569d1%2Fe5aebf2f-6163-43d8-b780-a90379b62026'
}

🔍 Extracting activities from results page...
PAGE LOG: Found 13 activity categories
PAGE LOG: Processing category: Aquatic Leadership
PAGE LOG:   Found 4 services in Aquatic Leadership
PAGE LOG:     Processing service: Bronze Cross
PAGE LOG:       Found 3 events in Bronze Cross
PAGE LOG:     Processing service: Bronze Medallion
PAGE LOG:       Found 2 events in Bronze Medallion
PAGE LOG:     Processing service: Bronze Medallion/ Cross Combo
PAGE LOG:       Found 1 events in Bronze Medallion/ Cross Combo
PAGE LOG:     Processing service: Bronze Star
PAGE LOG:       Found 1 events in Bronze Star
PAGE LOG: Processing category: Camps
PAGE LOG:   Found 39 services in Camps
PAGE LOG:     Processing service: Camp Art & Games Early Years
PAGE LOG:       Found 2 events in Camp Art & Games Early Years
PAGE LOG:     Processing service: Camp Art & Swim School Age
PAGE LOG:       Found 2 events in Camp Art & Swim School Age
PAGE LOG:     Processing service: Camp Art Dance School Age
PAGE LOG:       Found 1 events in Camp Art Dance School Age
PAGE LOG:     Processing service: Camp Art Drama School Age
PAGE LOG:       Found 2 events in Camp Art Drama School Age
PAGE LOG:     Processing service: Camp Art Musical Theatre School Age
PAGE LOG:       Found 3 events in Camp Art Musical Theatre School Age
PAGE LOG:     Processing service: Camp Art Pottery & Swim School Age
PAGE LOG:       Found 3 events in Camp Art Pottery & Swim School Age
PAGE LOG:     Processing service: Camp Art Pottery School Age
PAGE LOG:       Found 2 events in Camp Art Pottery School Age
PAGE LOG:     Processing service: Camp Art Visual & Cooking Combo School Age
PAGE LOG:       Found 2 events in Camp Art Visual & Cooking Combo School Age
PAGE LOG:     Processing service: Camp Art Visual School Age
PAGE LOG:       Found 24 events in Camp Art Visual School Age
PAGE LOG:     Processing service: Camp Art Visual Youth
PAGE LOG:       Found 1 events in Camp Art Visual Youth
PAGE LOG:     Processing service: Camp Babysitter Training 11-15yrs
PAGE LOG:       Found 5 events in Camp Babysitter Training 11-15yrs
PAGE LOG:     Processing service: Camp Byte School Age
PAGE LOG:       Found 5 events in Camp Byte School Age
PAGE LOG:     Processing service: Camp Clay & Cook School Age
PAGE LOG:       Found 4 events in Camp Clay & Cook School Age
PAGE LOG:     Processing service: Camp Cook & Swim School Age
PAGE LOG:       Found 4 events in Camp Cook & Swim School Age
PAGE LOG:     Processing service: Camp Cooking School Age
PAGE LOG:       Found 2 events in Camp Cooking School Age
PAGE LOG:     Processing service: Camp Delbrook 5-6yrs
PAGE LOG:       Found 6 events in Camp Delbrook 5-6yrs
PAGE LOG:     Processing service: Camp Delbrook 6-9yrs
PAGE LOG:       Found 5 events in Camp Delbrook 6-9yrs
PAGE LOG:     Processing service: Camp Harry Jerome 6-9yrs
PAGE LOG:       Found 6 events in Camp Harry Jerome 6-9yrs
PAGE LOG:     Processing service: Camp Harry Jerome 9-12yrs
PAGE LOG:       Found 6 events in Camp Harry Jerome 9-12yrs
PAGE LOG:     Processing service: Camp Harry Jerome Daytrippers 12-15yrs
PAGE LOG:       Found 4 events in Camp Harry Jerome Daytrippers 12-15yrs
PAGE LOG:     Processing service: Camp John Braithwaite 6-10yrs
PAGE LOG:       Found 5 events in Camp John Braithwaite 6-10yrs
PAGE LOG:     Processing service: Camp Karen Magnussen 6-12yrs
PAGE LOG:       Found 1 events in Camp Karen Magnussen 6-12yrs
PAGE LOG:     Processing service: Camp Karen Magnussen 6-9yrs
PAGE LOG:       Found 5 events in Camp Karen Magnussen 6-9yrs
PAGE LOG:     Processing service: Camp Karen Magnussen Outdoor 9-12yrs
PAGE LOG:       Found 5 events in Camp Karen Magnussen Outdoor 9-12yrs
PAGE LOG:     Processing service: Camp Lions Gate 6-10yrs
PAGE LOG:       Found 5 events in Camp Lions Gate 6-10yrs
PAGE LOG:     Processing service: Camp Little Campers Early Years
PAGE LOG:       Found 16 events in Camp Little Campers Early Years
PAGE LOG:     Processing service: Camp Loutet Park Outdoor 9-12yrs
PAGE LOG:       Found 3 events in Camp Loutet Park Outdoor 9-12yrs
PAGE LOG:     Processing service: Camp Lynn Creek 6-9yrs
PAGE LOG:       Found 6 events in Camp Lynn Creek 6-9yrs
PAGE LOG:     Processing service: Camp Lynn Creek Daytrippers 12-15yrs
PAGE LOG:       Found 4 events in Camp Lynn Creek Daytrippers 12-15yrs
PAGE LOG:     Processing service: Camp Lynn Creek Outdoors 8-12yrs
PAGE LOG:       Found 6 events in Camp Lynn Creek Outdoors 8-12yrs
PAGE LOG:     Processing service: Camp Lynn Valley 5-6yrs
PAGE LOG:       Found 4 events in Camp Lynn Valley 5-6yrs
PAGE LOG:     Processing service: Camp Myrtle Park Outdoor 6-10yrs
PAGE LOG:       Found 5 events in Camp Myrtle Park Outdoor 6-10yrs
PAGE LOG:     Processing service: Camp Princess Park Outdoor 9-12yrs
PAGE LOG:       Found 5 events in Camp Princess Park Outdoor 9-12yrs
PAGE LOG:     Processing service: Camp Ron Andrews 5-6yrs
PAGE LOG:       Found 4 events in Camp Ron Andrews 5-6yrs
PAGE LOG:     Processing service: Camp Science School Age
PAGE LOG:       Found 7 events in Camp Science School Age
PAGE LOG:     Processing service: Camp Sport & Climb School Age
PAGE LOG:       Found 1 events in Camp Sport & Climb School Age
PAGE LOG:     Processing service: Camp Sport Early Years
PAGE LOG:       Found 10 events in Camp Sport Early Years
PAGE LOG:     Processing service: Camp Sport School Age
PAGE LOG:       Found 36 events in Camp Sport School Age
PAGE LOG:     Processing service: Camp Youth
PAGE LOG:       Found 3 events in Camp Youth
PAGE LOG: Processing category: Certifications and Leadership
PAGE LOG:   Found 2 services in Certifications and Leadership
PAGE LOG:     Processing service: Babysitter Training 11-15yrs
PAGE LOG:       Found 2 events in Babysitter Training 11-15yrs
PAGE LOG:     Processing service: Home Alone 10yrs+
PAGE LOG:       Found 4 events in Home Alone 10yrs+
PAGE LOG: Processing category: Dance
PAGE LOG:   Found 3 services in Dance
PAGE LOG:     Processing service: Dance Early Years
PAGE LOG:       Found 3 events in Dance Early Years
PAGE LOG:     Processing service: Dance Parent Participation
PAGE LOG:       Found 1 events in Dance Parent Participation
PAGE LOG:     Processing service: Dance School Age
PAGE LOG:       Found 1 events in Dance School Age
PAGE LOG: Processing category: Learn and Play
PAGE LOG:   Found 3 services in Learn and Play
PAGE LOG:     Processing service: Delbrook Licensed Preschool
PAGE LOG:       Found 4 events in Delbrook Licensed Preschool
PAGE LOG:     Processing service: Lonsdale Licensed Preschool
PAGE LOG:       Found 4 events in Lonsdale Licensed Preschool
PAGE LOG:     Processing service: Sandpiper Licensed Preschool
PAGE LOG:       Found 4 events in Sandpiper Licensed Preschool
PAGE LOG: Processing category: Martial Arts
PAGE LOG:   Found 6 services in Martial Arts
PAGE LOG:     Processing service: Ground & Stand-up Martial Arts Techniques: All Levels 13yrs+
PAGE LOG:       Found 2 events in Ground & Stand-up Martial Arts Techniques: All Levels 13yrs+
PAGE LOG:     Processing service: Karate Early Years
PAGE LOG:       Found 7 events in Karate Early Years
PAGE LOG:     Processing service: Karate School Age
PAGE LOG:       Found 11 events in Karate School Age
PAGE LOG:     Processing service: Taekwondo Early Years Parent Participation
PAGE LOG:       Found 1 events in Taekwondo Early Years Parent Participation
PAGE LOG:     Processing service: Taekwondo School Age
PAGE LOG:       Found 1 events in Taekwondo School Age
PAGE LOG:     Processing service: Taekwondo Youth
PAGE LOG:       Found 1 events in Taekwondo Youth
PAGE LOG: Processing category: Racquet Sports
PAGE LOG:   Found 12 services in Racquet Sports
PAGE LOG:     Processing service: Badminton School Age
PAGE LOG:       Found 1 events in Badminton School Age
PAGE LOG:     Processing service: Badminton Youth
PAGE LOG:       Found 1 events in Badminton Youth
PAGE LOG:     Processing service: Tennis Competitive 1 (10-18yrs)
PAGE LOG:       Found 6 events in Tennis Competitive 1 (10-18yrs)
PAGE LOG:     Processing service: Tennis Competitive 2 (10-18yrs)
PAGE LOG:       Found 6 events in Tennis Competitive 2 (10-18yrs)
PAGE LOG:     Processing service: Tennis Competitive 3 (10-18yrs)
PAGE LOG:       Found 1 events in Tennis Competitive 3 (10-18yrs)
PAGE LOG:     Processing service: Tennis Competitive 4 (10-18yrs)
PAGE LOG:       Found 3 events in Tennis Competitive 4 (10-18yrs)
PAGE LOG:     Processing service: Tennis National Tournament Team 12-16yrs
PAGE LOG:       Found 13 events in Tennis National Tournament Team 12-16yrs
PAGE LOG:     Processing service: Tennis Play-it School Age
PAGE LOG:       Found 18 events in Tennis Play-it School Age
PAGE LOG:     Processing service: Tennis Play-it Teen
PAGE LOG:       Found 6 events in Tennis Play-it Teen
PAGE LOG:     Processing service: Tennis Tournament Summer Programs
PAGE LOG:       Found 4 events in Tennis Tournament Summer Programs
PAGE LOG:     Processing service: Tennis Try-it School Age
PAGE LOG:       Found 18 events in Tennis Try-it School Age
PAGE LOG:     Processing service: Tennis Try-it Teen
PAGE LOG:       Found 6 events in Tennis Try-it Teen
PAGE LOG: Processing category: Spin
PAGE LOG:   Found 1 services in Spin
PAGE LOG:     Processing service: Fitness Spin Training Youth
PAGE LOG:       Found 3 events in Fitness Spin Training Youth
PAGE LOG: Processing category: Strength & Cardio
PAGE LOG:   Found 1 services in Strength & Cardio
PAGE LOG:     Processing service: Fitness Small Group Training Youth
PAGE LOG:       Found 2 events in Fitness Small Group Training Youth
PAGE LOG: Processing category: Swimming
PAGE LOG:   Found 25 services in Swimming
PAGE LOG:     Processing service: Swim Adapted Lessons 3-12yrs
PAGE LOG:       Found 19 events in Swim Adapted Lessons 3-12yrs
PAGE LOG:     Processing service: Swim Adapted Lessons Parent Participation 3-6yrs
PAGE LOG:       Found 3 events in Swim Adapted Lessons Parent Participation 3-6yrs
PAGE LOG:     Processing service: Swim Advanced 11-17yrs
PAGE LOG:       Found 1 events in Swim Advanced 11-17yrs
PAGE LOG:     Processing service: Swim Beginner 10-17yrs
PAGE LOG:       Found 7 events in Swim Beginner 10-17yrs
PAGE LOG:     Processing service: Swim Intermediate 11-17yrs
PAGE LOG:       Found 2 events in Swim Intermediate 11-17yrs
PAGE LOG:     Processing service: Swim Junior Masters 1 (11-17yrs)
PAGE LOG:       Found 6 events in Swim Junior Masters 1 (11-17yrs)
PAGE LOG:     Processing service: Swim Junior Masters 2 (11-17yrs)
PAGE LOG:       Found 4 events in Swim Junior Masters 2 (11-17yrs)
PAGE LOG:     Processing service: Swim Parent Participation 1 Guppies 6-18mos
PAGE LOG:       Found 3 events in Swim Parent Participation 1 Guppies 6-18mos
PAGE LOG:     Processing service: Swim Parent Participation 2 Clownfish 18mos-3yrs
PAGE LOG:       Found 3 events in Swim Parent Participation 2 Clownfish 18mos-3yrs
PAGE LOG:     Processing service: Swim Parent Participation Sea Otters 2-4yrs
PAGE LOG:       Found 9 events in Swim Parent Participation Sea Otters 2-4yrs
PAGE LOG:     Processing service: Swim Tiny Tots 1 Tadpoles 3-6yrs
PAGE LOG:       Found 29 events in Swim Tiny Tots 1 Tadpoles 3-6yrs
PAGE LOG:     Processing service: Swim Tiny Tots 2 Jellyfish 3-6yrs
PAGE LOG:       Found 40 events in Swim Tiny Tots 2 Jellyfish 3-6yrs
PAGE LOG:     Processing service: Swim Tiny Tots 3 Seahorses 3-6yrs
PAGE LOG:       Found 24 events in Swim Tiny Tots 3 Seahorses 3-6yrs
PAGE LOG:     Processing service: Swim Tiny Tots 4 Seals 3-6yrs
PAGE LOG:       Found 25 events in Swim Tiny Tots 4 Seals 3-6yrs
PAGE LOG:     Processing service: Swim Tiny Tots 5 Sting Rays 3-6yrs
PAGE LOG:       Found 9 events in Swim Tiny Tots 5 Sting Rays 3-6yrs
PAGE LOG:     Processing service: Swim Tiny Tots 6 Orcas 3-6yrs
PAGE LOG:       Found 4 events in Swim Tiny Tots 6 Orcas 3-6yrs
PAGE LOG:     Processing service: Swimmer 1 (6-12yrs)
PAGE LOG:       Found 20 events in Swimmer 1 (6-12yrs)
PAGE LOG:     Processing service: Swimmer 2 (6-12yrs)
PAGE LOG:       Found 21 events in Swimmer 2 (6-12yrs)
PAGE LOG:     Processing service: Swimmer 3 (6-12yrs)
PAGE LOG:       Found 22 events in Swimmer 3 (6-12yrs)
PAGE LOG:     Processing service: Swimmer 4 (6-12yrs)
PAGE LOG:       Found 24 events in Swimmer 4 (6-12yrs)
PAGE LOG:     Processing service: Swimmer 5 (6-12yrs)
PAGE LOG:       Found 18 events in Swimmer 5 (6-12yrs)
PAGE LOG:     Processing service: Swimmer 6 (6-12yrs)
PAGE LOG:       Found 16 events in Swimmer 6 (6-12yrs)
PAGE LOG:     Processing service: Swimmer 7 - Rookie Patrol (8-12yrs)
PAGE LOG:       Found 9 events in Swimmer 7 - Rookie Patrol (8-12yrs)
PAGE LOG:     Processing service: Swimmer 8 - Ranger Patrol (8-12yrs)
PAGE LOG:       Found 6 events in Swimmer 8 - Ranger Patrol (8-12yrs)
PAGE LOG:     Processing service: Swimmer 9 - Star Patrol (8-12yrs)
PAGE LOG:       Found 6 events in Swimmer 9 - Star Patrol (8-12yrs)
PAGE LOG: Processing category: Team Sports
PAGE LOG:   Found 4 services in Team Sports
PAGE LOG:     Processing service: Basketball School Age
PAGE LOG:       Found 1 events in Basketball School Age
PAGE LOG:     Processing service: Basketball Youth
PAGE LOG:       Found 1 events in Basketball Youth
PAGE LOG:     Processing service: Volleyball School Age
PAGE LOG:       Found 3 events in Volleyball School Age
PAGE LOG:     Processing service: Volleyball Youth
PAGE LOG:       Found 3 events in Volleyball Youth
PAGE LOG: Processing category: Visual Arts
PAGE LOG:   Found 2 services in Visual Arts
PAGE LOG:     Processing service: Mixed Media Early Years
PAGE LOG:       Found 1 events in Mixed Media Early Years
PAGE LOG:     Processing service: Mixed Media School Age
PAGE LOG:       Found 1 events in Mixed Media School Age
PAGE LOG: Processing category: Yoga
PAGE LOG:   Found 1 services in Yoga
PAGE LOG:     Processing service: Yoga Youth
PAGE LOG:       Found 1 events in Yoga Youth
PAGE LOG: Total activities extracted: 702

✅ Successfully extracted 702 activities
💾 Results saved to nvrc_working_hierarchical_2025-07-24T23-58-15-948Z.json
✅ Got 702 REAL activities from NVRC
💾 Saved 702 camps to file
